<?xml version="1.0" encoding="UTF-8"?>
<testng-results skipped="0" failed="0" total="0" passed="0">
  <reporter-output>
  </reporter-output>
  <suite name="ec.edu.ups.modelo.CitaMedicaIT" duration-ms="3" started-at="2019-12-20T17:30:50Z" finished-at="2019-12-20T17:30:50Z">
    <groups>
    </groups>
    <test name="Command line test" duration-ms="3" started-at="2019-12-20T17:30:50Z" finished-at="2019-12-20T17:30:50Z">
    </test> <!-- Command line test -->
  </suite> <!-- ec.edu.ups.modelo.CitaMedicaIT -->
</testng-results>
