<?xml version="1.0" encoding="UTF-8"?>
<testng-results skipped="0" failed="0" total="0" passed="0">
  <reporter-output>
  </reporter-output>
  <suite name="ec.edu.ups.modelo.PacienteTest" duration-ms="6" started-at="2019-12-20T15:05:18Z" finished-at="2019-12-20T15:05:18Z">
    <groups>
    </groups>
    <test name="Command line test" duration-ms="6" started-at="2019-12-20T15:05:18Z" finished-at="2019-12-20T15:05:18Z">
    </test> <!-- Command line test -->
  </suite> <!-- ec.edu.ups.modelo.PacienteTest -->
</testng-results>
