<?xml version="1.0" encoding="UTF-8" ?>
<testsuite tests="13" failures="13" name="ec.edu.ups.modelo.CitaMedicaNGTest" time="1.404" errors="0" skipped="0">
  <properties>
[...]
</properties>
  <testcase classname="ec.edu.ups.modelo.CitaMedicaNGTest" name="testGetCita_fecha" time="0.012">
    <failure type="java.lang.NullPointerException">java.lang.NullPointerException
	at ec.edu.ups.modelo.CitaMedicaNGTest.testGetCita_fecha(CitaMedicaNGTest.java:72)
</failure>
    <system-out>getCita_fecha
</system-out>
  </testcase>
  <testcase classname="ec.edu.ups.modelo.CitaMedicaNGTest" name="testGetCita_hora" time="0.001">
    <failure type="java.lang.NullPointerException">java.lang.NullPointerException
	at ec.edu.ups.modelo.CitaMedicaNGTest.testGetCita_hora(CitaMedicaNGTest.java:99)
</failure>
    <system-out>getCita_hora
</system-out>
  </testcase>
  <testcase classname="ec.edu.ups.modelo.CitaMedicaNGTest" name="testGetCita_id" time="0">
    <failure type="java.lang.NullPointerException">java.lang.NullPointerException
	at ec.edu.ups.modelo.CitaMedicaNGTest.testGetCita_id(CitaMedicaNGTest.java:45)
</failure>
    <system-out>getCita_id
</system-out>
  </testcase>
  <testcase classname="ec.edu.ups.modelo.CitaMedicaNGTest" name="testGetCita_motivo" time="0">
    <failure type="java.lang.NullPointerException">java.lang.NullPointerException
	at ec.edu.ups.modelo.CitaMedicaNGTest.testGetCita_motivo(CitaMedicaNGTest.java:126)
</failure>
    <system-out>getCita_motivo
</system-out>
  </testcase>
  <testcase classname="ec.edu.ups.modelo.CitaMedicaNGTest" name="testGetMedico" time="0.006">
    <failure type="java.lang.NullPointerException">java.lang.NullPointerException
	at ec.edu.ups.modelo.CitaMedicaNGTest.testGetMedico(CitaMedicaNGTest.java:153)
</failure>
    <system-out>getMedico
</system-out>
  </testcase>
  <testcase classname="ec.edu.ups.modelo.CitaMedicaNGTest" name="testGetPaciente" time="0.002">
    <failure type="java.lang.NullPointerException">java.lang.NullPointerException
	at ec.edu.ups.modelo.CitaMedicaNGTest.testGetPaciente(CitaMedicaNGTest.java:180)
</failure>
    <system-out>getPaciente
</system-out>
  </testcase>
  <testcase classname="ec.edu.ups.modelo.CitaMedicaNGTest" name="testSetCita_fecha" time="0.003">
    <failure type="java.lang.NullPointerException">java.lang.NullPointerException
	at ec.edu.ups.modelo.CitaMedicaNGTest.testSetCita_fecha(CitaMedicaNGTest.java:86)
</failure>
    <system-out>setCita_fecha
</system-out>
  </testcase>
  <testcase classname="ec.edu.ups.modelo.CitaMedicaNGTest" name="testSetCita_hora" time="0.001">
    <failure type="java.lang.NullPointerException">java.lang.NullPointerException
	at ec.edu.ups.modelo.CitaMedicaNGTest.testSetCita_hora(CitaMedicaNGTest.java:113)
</failure>
    <system-out>setCita_hora
</system-out>
  </testcase>
  <testcase classname="ec.edu.ups.modelo.CitaMedicaNGTest" name="testSetCita_id" time="0.002">
    <failure type="java.lang.NullPointerException">java.lang.NullPointerException
	at ec.edu.ups.modelo.CitaMedicaNGTest.testSetCita_id(CitaMedicaNGTest.java:59)
</failure>
    <system-out>setCita_id
</system-out>
  </testcase>
  <testcase classname="ec.edu.ups.modelo.CitaMedicaNGTest" name="testSetCita_motivo" time="0.001">
    <failure type="java.lang.NullPointerException">java.lang.NullPointerException
	at ec.edu.ups.modelo.CitaMedicaNGTest.testSetCita_motivo(CitaMedicaNGTest.java:140)
</failure>
    <system-out>setCita_motivo
</system-out>
  </testcase>
  <testcase classname="ec.edu.ups.modelo.CitaMedicaNGTest" name="testSetMedico" time="0">
    <failure type="java.lang.NullPointerException">java.lang.NullPointerException
	at ec.edu.ups.modelo.CitaMedicaNGTest.testSetMedico(CitaMedicaNGTest.java:167)
</failure>
    <system-out>setMedico
</system-out>
  </testcase>
  <testcase classname="ec.edu.ups.modelo.CitaMedicaNGTest" name="testSetPaciente" time="0.01">
    <failure type="java.lang.NullPointerException">java.lang.NullPointerException
	at ec.edu.ups.modelo.CitaMedicaNGTest.testSetPaciente(CitaMedicaNGTest.java:194)
</failure>
    <system-out>setPaciente
</system-out>
  </testcase>
  <testcase classname="ec.edu.ups.modelo.CitaMedicaNGTest" name="testToString" time="0.002">
    <failure type="java.lang.NullPointerException">java.lang.NullPointerException
	at ec.edu.ups.modelo.CitaMedicaNGTest.testToString(CitaMedicaNGTest.java:207)
</failure>
    <system-out>toString
</system-out>
  </testcase>
</testsuite>