<?xml version="1.0" encoding="UTF-8"?>
<!-- Generated by org.testng.reporters.JUnitXMLReporter -->
<testsuite hostname="MacBook-Pro-de-Diego.local" name="Command line test" tests="13" failures="13" timestamp="20 Dec 2019 14:58:30 GMT" time="0.133" errors="0">
  <testcase name="testGetCita_fecha" time="0.004" classname="ec.edu.ups.modelo.CitaMedicaNGTest">
    <failure type="java.lang.NullPointerException">
      <![CDATA[java.lang.NullPointerException
	at ec.edu.ups.modelo.CitaMedicaNGTest.testGetCita_fecha(CitaMedicaNGTest.java:72)
... Removed 33 stack frames]]>
    </failure>
  </testcase> <!-- testGetCita_fecha -->
  <testcase name="testGetCita_hora" time="0.001" classname="ec.edu.ups.modelo.CitaMedicaNGTest">
    <failure type="java.lang.NullPointerException">
      <![CDATA[java.lang.NullPointerException
	at ec.edu.ups.modelo.CitaMedicaNGTest.testGetCita_hora(CitaMedicaNGTest.java:99)
... Removed 33 stack frames]]>
    </failure>
  </testcase> <!-- testGetCita_hora -->
  <testcase name="testGetCita_id" time="0.0" classname="ec.edu.ups.modelo.CitaMedicaNGTest">
    <failure type="java.lang.NullPointerException">
      <![CDATA[java.lang.NullPointerException
	at ec.edu.ups.modelo.CitaMedicaNGTest.testGetCita_id(CitaMedicaNGTest.java:45)
... Removed 33 stack frames]]>
    </failure>
  </testcase> <!-- testGetCita_id -->
  <testcase name="testGetCita_motivo" time="0.002" classname="ec.edu.ups.modelo.CitaMedicaNGTest">
    <failure type="java.lang.NullPointerException">
      <![CDATA[java.lang.NullPointerException
	at ec.edu.ups.modelo.CitaMedicaNGTest.testGetCita_motivo(CitaMedicaNGTest.java:126)
... Removed 33 stack frames]]>
    </failure>
  </testcase> <!-- testGetCita_motivo -->
  <testcase name="testGetMedico" time="0.008" classname="ec.edu.ups.modelo.CitaMedicaNGTest">
    <failure type="java.lang.NullPointerException">
      <![CDATA[java.lang.NullPointerException
	at ec.edu.ups.modelo.CitaMedicaNGTest.testGetMedico(CitaMedicaNGTest.java:153)
... Removed 33 stack frames]]>
    </failure>
  </testcase> <!-- testGetMedico -->
  <testcase name="testGetPaciente" time="0.001" classname="ec.edu.ups.modelo.CitaMedicaNGTest">
    <failure type="java.lang.NullPointerException">
      <![CDATA[java.lang.NullPointerException
	at ec.edu.ups.modelo.CitaMedicaNGTest.testGetPaciente(CitaMedicaNGTest.java:180)
... Removed 33 stack frames]]>
    </failure>
  </testcase> <!-- testGetPaciente -->
  <testcase name="testSetCita_fecha" time="0.001" classname="ec.edu.ups.modelo.CitaMedicaNGTest">
    <failure type="java.lang.NullPointerException">
      <![CDATA[java.lang.NullPointerException
	at ec.edu.ups.modelo.CitaMedicaNGTest.testSetCita_fecha(CitaMedicaNGTest.java:86)
... Removed 33 stack frames]]>
    </failure>
  </testcase> <!-- testSetCita_fecha -->
  <testcase name="testSetCita_hora" time="0.0" classname="ec.edu.ups.modelo.CitaMedicaNGTest">
    <failure type="java.lang.NullPointerException">
      <![CDATA[java.lang.NullPointerException
	at ec.edu.ups.modelo.CitaMedicaNGTest.testSetCita_hora(CitaMedicaNGTest.java:113)
... Removed 33 stack frames]]>
    </failure>
  </testcase> <!-- testSetCita_hora -->
  <testcase name="testSetCita_id" time="0.001" classname="ec.edu.ups.modelo.CitaMedicaNGTest">
    <failure type="java.lang.NullPointerException">
      <![CDATA[java.lang.NullPointerException
	at ec.edu.ups.modelo.CitaMedicaNGTest.testSetCita_id(CitaMedicaNGTest.java:59)
... Removed 33 stack frames]]>
    </failure>
  </testcase> <!-- testSetCita_id -->
  <testcase name="testSetCita_motivo" time="0.001" classname="ec.edu.ups.modelo.CitaMedicaNGTest">
    <failure type="java.lang.NullPointerException">
      <![CDATA[java.lang.NullPointerException
	at ec.edu.ups.modelo.CitaMedicaNGTest.testSetCita_motivo(CitaMedicaNGTest.java:140)
... Removed 33 stack frames]]>
    </failure>
  </testcase> <!-- testSetCita_motivo -->
  <testcase name="testSetMedico" time="0.001" classname="ec.edu.ups.modelo.CitaMedicaNGTest">
    <failure type="java.lang.NullPointerException">
      <![CDATA[java.lang.NullPointerException
	at ec.edu.ups.modelo.CitaMedicaNGTest.testSetMedico(CitaMedicaNGTest.java:167)
... Removed 33 stack frames]]>
    </failure>
  </testcase> <!-- testSetMedico -->
  <testcase name="testSetPaciente" time="0.002" classname="ec.edu.ups.modelo.CitaMedicaNGTest">
    <failure type="java.lang.NullPointerException">
      <![CDATA[java.lang.NullPointerException
	at ec.edu.ups.modelo.CitaMedicaNGTest.testSetPaciente(CitaMedicaNGTest.java:194)
... Removed 33 stack frames]]>
    </failure>
  </testcase> <!-- testSetPaciente -->
  <testcase name="testToString" time="0.001" classname="ec.edu.ups.modelo.CitaMedicaNGTest">
    <failure type="java.lang.NullPointerException">
      <![CDATA[java.lang.NullPointerException
	at ec.edu.ups.modelo.CitaMedicaNGTest.testToString(CitaMedicaNGTest.java:207)
... Removed 33 stack frames]]>
    </failure>
  </testcase> <!-- testToString -->
</testsuite> <!-- Command line test -->
